TN:
SF:assets\js\main.js
FN:15,initThemeToggle
FN:28,(anonymous_1)
FN:36,setupCopyLinks
FN:39,(anonymous_3)
FN:40,(anonymous_4)
FN:43,(anonymous_5)
FN:48,(anonymous_6)
FN:58,setupBackToTopButton
FN:62,(anonymous_8)
FN:70,(anonymous_9)
FN:80,initSmoothScrolling
FN:81,(anonymous_11)
FN:82,(anonymous_12)
FN:100,(anonymous_13)
FNF:14
FNH:0
FNDA:0,initThemeToggle
FNDA:0,(anonymous_1)
FNDA:0,setupCopyLinks
FNDA:0,(anonymous_3)
FNDA:0,(anonymous_4)
FNDA:0,(anonymous_5)
FNDA:0,(anonymous_6)
FNDA:0,setupBackToTopButton
FNDA:0,(anonymous_8)
FNDA:0,(anonymous_9)
FNDA:0,initSmoothScrolling
FNDA:0,(anonymous_11)
FNDA:0,(anonymous_12)
FNDA:0,(anonymous_13)
DA:16,0
DA:17,0
DA:19,0
DA:22,0
DA:24,0
DA:28,0
DA:29,0
DA:30,0
DA:31,0
DA:37,0
DA:39,0
DA:40,0
DA:41,0
DA:42,0
DA:44,0
DA:45,0
DA:46,0
DA:48,0
DA:49,0
DA:50,0
DA:59,0
DA:61,0
DA:62,0
DA:63,0
DA:64,0
DA:66,0
DA:70,0
DA:71,0
DA:81,0
DA:82,0
DA:83,0
DA:84,0
DA:86,0
DA:88,0
DA:89,0
DA:90,0
DA:100,0
DA:101,0
DA:102,0
DA:103,0
DA:104,0
LF:41
LH:0
BRDA:19,0,0,0
BRDA:19,0,1,0
BRDA:22,1,0,0
BRDA:22,1,1,0
BRDA:22,2,0,0
BRDA:22,2,1,0
BRDA:22,2,2,0
BRDA:30,3,0,0
BRDA:30,3,1,0
BRDA:61,4,0,0
BRDA:61,4,1,0
BRDA:63,5,0,0
BRDA:63,5,1,0
BRDA:84,6,0,0
BRDA:84,6,1,0
BRDA:88,7,0,0
BRDA:88,7,1,0
BRF:17
BRH:0
end_of_record
TN:
SF:assets\js\web3-utils.js
FN:17,getWeb3Instance
FN:39,connectWallet
FN:71,signMessage
FN:92,getBalance
FN:111,getTransactionHistory
FN:127,(anonymous_5)
FN:151,getContract
FN:169,getNetworkInfo
FN:221,getGasPrice
FNF:9
FNH:7
FNDA:6,getWeb3Instance
FNDA:1,connectWallet
FNDA:1,signMessage
FNDA:1,getBalance
FNDA:0,getTransactionHistory
FNDA:0,(anonymous_5)
FNDA:1,getContract
FNDA:1,getNetworkInfo
FNDA:1,getGasPrice
DA:18,6
DA:20,6
DA:23,6
DA:24,5
DA:27,1
DA:30,6
DA:31,6
DA:40,1
DA:41,1
DA:44,0
DA:45,0
DA:46,0
DA:48,0
DA:53,0
DA:54,0
DA:55,0
DA:58,0
DA:60,1
DA:61,1
DA:72,1
DA:73,1
DA:76,0
DA:80,0
DA:82,1
DA:83,1
DA:93,1
DA:94,1
DA:95,0
DA:98,0
DA:100,1
DA:101,1
DA:112,0
DA:115,0
DA:116,0
DA:118,0
DA:119,0
DA:121,0
DA:125,0
DA:126,0
DA:127,0
DA:129,0
DA:131,0
DA:132,0
DA:133,0
DA:138,0
DA:140,0
DA:141,0
DA:152,1
DA:153,1
DA:156,0
DA:160,1
DA:161,1
DA:170,1
DA:171,1
DA:174,0
DA:178,0
DA:180,0
DA:181,0
DA:183,0
DA:184,0
DA:186,0
DA:187,0
DA:189,0
DA:190,0
DA:192,0
DA:193,0
DA:195,0
DA:196,0
DA:198,0
DA:199,0
DA:201,0
DA:202,0
DA:204,0
DA:207,0
DA:212,1
DA:213,1
DA:222,1
DA:223,1
DA:224,0
DA:226,0
DA:232,1
DA:233,1
DA:238,1
LF:83
LH:32
BRDA:23,0,0,5
BRDA:23,0,1,1
BRDA:44,1,0,0
BRDA:44,1,1,0
BRDA:54,2,0,0
BRDA:54,2,1,0
BRDA:111,3,0,0
BRDA:119,4,0,0
BRDA:119,4,1,0
BRDA:125,5,0,0
BRDA:125,5,1,0
BRDA:125,6,0,0
BRDA:125,6,1,0
BRDA:127,7,0,0
BRDA:127,7,1,0
BRDA:131,8,0,0
BRDA:131,8,1,0
BRDA:178,9,0,0
BRDA:178,9,1,0
BRDA:178,9,2,0
BRDA:178,9,3,0
BRDA:178,9,4,0
BRDA:178,9,5,0
BRDA:178,9,6,0
BRDA:178,9,7,0
BRDA:178,9,8,0
BRF:26
BRH:2
end_of_record
TN:
SF:controllers\beta-controller.js
FN:20,(anonymous_0)
FN:31,(anonymous_1)
FN:64,(anonymous_2)
FN:114,(anonymous_3)
FN:138,(anonymous_4)
FN:166,(anonymous_5)
FN:169,(anonymous_6)
FN:191,(anonymous_7)
FNF:8
FNH:0
FNDA:0,(anonymous_0)
FNDA:0,(anonymous_1)
FNDA:0,(anonymous_2)
FNDA:0,(anonymous_3)
FNDA:0,(anonymous_4)
FNDA:0,(anonymous_5)
FNDA:0,(anonymous_6)
FNDA:0,(anonymous_7)
DA:15,0
DA:16,0
DA:17,0
DA:21,0
DA:22,0
DA:23,0
DA:24,0
DA:25,0
DA:32,0
DA:33,0
DA:37,0
DA:38,0
DA:39,0
DA:41,0
DA:42,0
DA:45,0
DA:49,0
DA:54,0
DA:55,0
DA:66,0
DA:67,0
DA:71,0
DA:72,0
DA:76,0
DA:77,0
DA:80,0
DA:81,0
DA:85,0
DA:86,0
DA:88,0
DA:93,0
DA:95,0
DA:96,0
DA:98,0
DA:99,0
DA:103,0
DA:106,0
DA:115,0
DA:116,0
DA:120,0
DA:122,0
DA:139,0
DA:140,0
DA:143,0
DA:153,0
DA:155,0
DA:167,0
DA:170,0
DA:192,0
DA:193,0
DA:194,0
DA:195,0
DA:196,0
DA:198,0
DA:202,0
LF:55
LH:0
BRDA:32,0,0,0
BRDA:32,0,1,0
BRDA:41,1,0,0
BRDA:41,1,1,0
BRDA:64,2,0,0
BRDA:66,3,0,0
BRDA:66,3,1,0
BRDA:71,4,0,0
BRDA:71,4,1,0
BRDA:76,5,0,0
BRDA:76,5,1,0
BRDA:80,6,0,0
BRDA:80,6,1,0
BRDA:85,7,0,0
BRDA:85,7,1,0
BRDA:85,8,0,0
BRDA:85,8,1,0
BRDA:86,9,0,0
BRDA:86,9,1,0
BRDA:86,10,0,0
BRDA:86,10,1,0
BRDA:93,11,0,0
BRDA:93,11,1,0
BRDA:93,12,0,0
BRDA:93,12,1,0
BRDA:98,13,0,0
BRDA:98,13,1,0
BRDA:115,14,0,0
BRDA:115,14,1,0
BRDA:139,15,0,0
BRDA:139,15,1,0
BRDA:146,16,0,0
BRDA:146,16,1,0
BRDA:170,17,0,0
BRDA:170,17,1,0
BRF:35
BRH:0
end_of_record
TN:
SF:controllers\content-controller.js
FN:21,(anonymous_0)
FN:31,(anonymous_1)
FN:55,(anonymous_2)
FN:69,(anonymous_3)
FN:86,(anonymous_4)
FN:96,(anonymous_5)
FN:106,(anonymous_6)
FN:115,(anonymous_7)
FN:129,(anonymous_8)
FN:149,(anonymous_9)
FN:175,(anonymous_10)
FN:250,(anonymous_11)
FN:318,(anonymous_12)
FN:367,(anonymous_13)
FN:413,(anonymous_14)
FN:454,(anonymous_15)
FN:478,(anonymous_16)
FN:517,(anonymous_17)
FN:553,(anonymous_18)
FN:588,(anonymous_19)
FN:663,(anonymous_20)
FNF:21
FNH:0
FNDA:0,(anonymous_0)
FNDA:0,(anonymous_1)
FNDA:0,(anonymous_2)
FNDA:0,(anonymous_3)
FNDA:0,(anonymous_4)
FNDA:0,(anonymous_5)
FNDA:0,(anonymous_6)
FNDA:0,(anonymous_7)
FNDA:0,(anonymous_8)
FNDA:0,(anonymous_9)
FNDA:0,(anonymous_10)
FNDA:0,(anonymous_11)
FNDA:0,(anonymous_12)
FNDA:0,(anonymous_13)
FNDA:0,(anonymous_14)
FNDA:0,(anonymous_15)
FNDA:0,(anonymous_16)
FNDA:0,(anonymous_17)
FNDA:0,(anonymous_18)
FNDA:0,(anonymous_19)
FNDA:0,(anonymous_20)
DA:15,0
DA:16,0
DA:17,0
DA:18,0
DA:22,0
DA:25,0
DA:32,0
DA:33,0
DA:36,0
DA:38,0
DA:39,0
DA:40,0
DA:42,0
DA:43,0
DA:45,0
DA:47,0
DA:57,0
DA:58,0
DA:59,0
DA:60,0
DA:61,0
DA:70,0
DA:73,0
DA:76,0
DA:77,0
DA:88,0
DA:98,0
DA:107,0
DA:116,0
DA:119,0
DA:120,0
DA:130,0
DA:131,0
DA:133,0
DA:134,0
DA:139,0
DA:150,0
DA:151,0
DA:152,0
DA:155,0
DA:156,0
DA:161,0
DA:164,0
DA:176,0
DA:178,0
DA:179,0
DA:180,0
DA:187,0
DA:188,0
DA:195,0
DA:201,0
DA:217,0
DA:220,0
DA:222,0
DA:225,0
DA:235,0
DA:236,0
DA:251,0
DA:253,0
DA:254,0
DA:255,0
DA:262,0
DA:263,0
DA:264,0
DA:271,0
DA:272,0
DA:279,0
DA:285,0
DA:291,0
DA:304,0
DA:305,0
DA:319,0
DA:321,0
DA:322,0
DA:323,0
DA:330,0
DA:331,0
DA:338,0
DA:340,0
DA:354,0
DA:355,0
DA:368,0
DA:370,0
DA:371,0
DA:372,0
DA:375,0
DA:377,0
DA:378,0
DA:385,0
DA:387,0
DA:390,0
DA:396,0
DA:398,0
DA:400,0
DA:401,0
DA:414,0
DA:416,0
DA:417,0
DA:418,0
DA:421,0
DA:423,0
DA:424,0
DA:430,0
DA:436,0
DA:438,0
DA:440,0
DA:441,0
DA:455,0
DA:456,0
DA:458,0
DA:465,0
DA:466,0
DA:479,0
DA:481,0
DA:484,0
DA:485,0
DA:486,0
DA:489,0
DA:491,0
DA:499,0
DA:501,0
DA:503,0
DA:504,0
DA:518,0
DA:520,0
DA:521,0
DA:522,0
DA:528,0
DA:531,0
DA:533,0
DA:538,0
DA:539,0
DA:554,0
DA:556,0
DA:557,0
DA:558,0
DA:564,0
DA:567,0
DA:569,0
DA:574,0
DA:575,0
DA:589,0
DA:591,0
DA:592,0
DA:593,0
DA:600,0
DA:601,0
DA:602,0
DA:609,0
DA:610,0
DA:617,0
DA:618,0
DA:625,0
DA:626,0
DA:627,0
DA:634,0
DA:639,0
DA:649,0
DA:650,0
DA:664,0
DA:666,0
DA:667,0
DA:668,0
DA:675,0
DA:676,0
DA:677,0
DA:684,0
DA:685,0
DA:692,0
DA:698,0
DA:699,0
DA:700,0
DA:703,0
DA:708,0
DA:709,0
DA:717,0
LF:176
LH:0
BRDA:32,0,0,0
BRDA:32,0,1,0
BRDA:76,1,0,0
BRDA:76,1,1,0
BRDA:76,2,0,0
BRDA:76,2,1,0
BRDA:119,3,0,0
BRDA:119,3,1,0
BRDA:119,4,0,0
BRDA:119,4,1,0
BRDA:133,5,0,0
BRDA:133,5,1,0
BRDA:152,6,0,0
BRDA:152,6,1,0
BRDA:155,7,0,0
BRDA:155,7,1,0
BRDA:155,8,0,0
BRDA:155,8,1,0
BRDA:179,9,0,0
BRDA:179,9,1,0
BRDA:187,10,0,0
BRDA:187,10,1,0
BRDA:203,11,0,0
BRDA:203,11,1,0
BRDA:207,12,0,0
BRDA:207,12,1,0
BRDA:208,13,0,0
BRDA:208,13,1,0
BRDA:214,14,0,0
BRDA:214,14,1,0
BRDA:220,15,0,0
BRDA:220,15,1,0
BRDA:254,16,0,0
BRDA:254,16,1,0
BRDA:263,17,0,0
BRDA:263,17,1,0
BRDA:271,18,0,0
BRDA:271,18,1,0
BRDA:322,19,0,0
BRDA:322,19,1,0
BRDA:330,20,0,0
BRDA:330,20,1,0
BRDA:371,21,0,0
BRDA:371,21,1,0
BRDA:377,22,0,0
BRDA:377,22,1,0
BRDA:385,23,0,0
BRDA:385,23,1,0
BRDA:385,24,0,0
BRDA:385,24,1,0
BRDA:417,25,0,0
BRDA:417,25,1,0
BRDA:423,26,0,0
BRDA:423,26,1,0
BRDA:454,27,0,0
BRDA:478,28,0,0
BRDA:485,29,0,0
BRDA:485,29,1,0
BRDA:521,30,0,0
BRDA:521,30,1,0
BRDA:557,31,0,0
BRDA:557,31,1,0
BRDA:592,32,0,0
BRDA:592,32,1,0
BRDA:601,33,0,0
BRDA:601,33,1,0
BRDA:609,34,0,0
BRDA:609,34,1,0
BRDA:617,35,0,0
BRDA:617,35,1,0
BRDA:617,36,0,0
BRDA:617,36,1,0
BRDA:626,37,0,0
BRDA:626,37,1,0
BRDA:667,38,0,0
BRDA:667,38,1,0
BRDA:676,39,0,0
BRDA:676,39,1,0
BRDA:684,40,0,0
BRDA:684,40,1,0
BRDA:684,41,0,0
BRDA:684,41,1,0
BRDA:699,42,0,0
BRDA:699,42,1,0
BRF:84
BRH:0
end_of_record
TN:
SF:controllers\index.js
FNF:0
FNH:0
DA:16,0
DA:17,0
DA:18,0
DA:19,0
DA:20,0
DA:23,0
DA:24,0
DA:25,0
DA:26,0
DA:27,0
DA:29,0
LF:11
LH:0
BRF:0
BRH:0
end_of_record
TN:
SF:controllers\insights-controller.js
FN:21,(anonymous_0)
FN:28,(anonymous_1)
FN:43,(anonymous_2)
FN:75,(anonymous_3)
FN:108,(anonymous_4)
FN:149,(anonymous_5)
FN:181,(anonymous_6)
FN:204,(anonymous_7)
FN:227,(anonymous_8)
FN:250,(anonymous_9)
FN:273,(anonymous_10)
FN:295,(anonymous_11)
FN:336,(anonymous_12)
FN:386,(anonymous_13)
FN:426,(anonymous_14)
FNF:15
FNH:0
FNDA:0,(anonymous_0)
FNDA:0,(anonymous_1)
FNDA:0,(anonymous_2)
FNDA:0,(anonymous_3)
FNDA:0,(anonymous_4)
FNDA:0,(anonymous_5)
FNDA:0,(anonymous_6)
FNDA:0,(anonymous_7)
FNDA:0,(anonymous_8)
FNDA:0,(anonymous_9)
FNDA:0,(anonymous_10)
FNDA:0,(anonymous_11)
FNDA:0,(anonymous_12)
FNDA:0,(anonymous_13)
FNDA:0,(anonymous_14)
DA:15,0
DA:16,0
DA:17,0
DA:18,0
DA:22,0
DA:29,0
DA:30,0
DA:33,0
DA:34,0
DA:44,0
DA:46,0
DA:47,0
DA:48,0
DA:55,0
DA:57,0
DA:62,0
DA:63,0
DA:76,0
DA:78,0
DA:79,0
DA:80,0
DA:87,0
DA:89,0
DA:94,0
DA:95,0
DA:109,0
DA:111,0
DA:112,0
DA:113,0
DA:120,0
DA:122,0
DA:123,0
DA:129,0
DA:134,0
DA:135,0
DA:150,0
DA:152,0
DA:153,0
DA:154,0
DA:161,0
DA:162,0
DA:163,0
DA:170,0
DA:171,0
DA:178,0
DA:179,0
DA:181,0
DA:185,0
DA:190,0
DA:191,0
DA:205,0
DA:207,0
DA:208,0
DA:209,0
DA:216,0
DA:217,0
DA:224,0
DA:225,0
DA:227,0
DA:231,0
DA:236,0
DA:237,0
DA:251,0
DA:253,0
DA:254,0
DA:255,0
DA:262,0
DA:263,0
DA:270,0
DA:271,0
DA:273,0
DA:277,0
DA:282,0
DA:283,0
DA:296,0
DA:298,0
DA:299,0
DA:300,0
DA:307,0
DA:308,0
DA:315,0
DA:317,0
DA:322,0
DA:323,0
DA:337,0
DA:339,0
DA:340,0
DA:341,0
DA:348,0
DA:349,0
DA:350,0
DA:357,0
DA:358,0
DA:365,0
DA:367,0
DA:372,0
DA:373,0
DA:387,0
DA:389,0
DA:390,0
DA:391,0
DA:398,0
DA:399,0
DA:406,0
DA:408,0
DA:413,0
DA:414,0
DA:427,0
DA:429,0
DA:430,0
DA:431,0
DA:438,0
DA:439,0
DA:446,0
DA:448,0
DA:453,0
DA:454,0
DA:462,0
LF:118
LH:0
BRDA:29,0,0,0
BRDA:29,0,1,0
BRDA:43,1,0,0
BRDA:47,2,0,0
BRDA:47,2,1,0
BRDA:79,3,0,0
BRDA:79,3,1,0
BRDA:112,4,0,0
BRDA:112,4,1,0
BRDA:122,5,0,0
BRDA:122,5,1,0
BRDA:149,6,0,0
BRDA:153,7,0,0
BRDA:153,7,1,0
BRDA:162,8,0,0
BRDA:162,8,1,0
BRDA:170,9,0,0
BRDA:170,9,1,0
BRDA:170,10,0,0
BRDA:170,10,1,0
BRDA:204,11,0,0
BRDA:208,12,0,0
BRDA:208,12,1,0
BRDA:216,13,0,0
BRDA:216,13,1,0
BRDA:216,14,0,0
BRDA:216,14,1,0
BRDA:250,15,0,0
BRDA:254,16,0,0
BRDA:254,16,1,0
BRDA:262,17,0,0
BRDA:262,17,1,0
BRDA:299,18,0,0
BRDA:299,18,1,0
BRDA:307,19,0,0
BRDA:307,19,1,0
BRDA:307,20,0,0
BRDA:307,20,1,0
BRDA:340,21,0,0
BRDA:340,21,1,0
BRDA:349,22,0,0
BRDA:349,22,1,0
BRDA:357,23,0,0
BRDA:357,23,1,0
BRDA:357,24,0,0
BRDA:357,24,1,0
BRDA:386,25,0,0
BRDA:390,26,0,0
BRDA:390,26,1,0
BRDA:398,27,0,0
BRDA:398,27,1,0
BRDA:398,28,0,0
BRDA:398,28,1,0
BRDA:430,29,0,0
BRDA:430,29,1,0
BRDA:438,30,0,0
BRDA:438,30,1,0
BRDA:438,31,0,0
BRDA:438,31,1,0
BRF:59
BRH:0
end_of_record
TN:
SF:controllers\nft-controller.js
FN:61,(anonymous_0)
FN:69,(anonymous_1)
FN:89,(anonymous_2)
FN:108,(anonymous_3)
FN:203,(anonymous_4)
FN:243,(anonymous_5)
FN:303,(anonymous_6)
FNF:7
FNH:0
FNDA:0,(anonymous_0)
FNDA:0,(anonymous_1)
FNDA:0,(anonymous_2)
FNDA:0,(anonymous_3)
FNDA:0,(anonymous_4)
FNDA:0,(anonymous_5)
FNDA:0,(anonymous_6)
DA:15,0
DA:16,0
DA:19,0
DA:54,0
DA:62,0
DA:63,0
DA:70,0
DA:71,0
DA:75,0
DA:76,0
DA:77,0
DA:78,0
DA:80,0
DA:81,0
DA:90,0
DA:92,0
DA:93,0
DA:95,0
DA:96,0
DA:99,0
DA:109,0
DA:110,0
DA:113,0
DA:114,0
DA:115,0
DA:122,0
DA:123,0
DA:124,0
DA:130,0
DA:131,0
DA:138,0
DA:162,0
DA:165,0
DA:168,0
DA:174,0
DA:175,0
DA:181,0
DA:189,0
DA:190,0
DA:204,0
DA:205,0
DA:208,0
DA:209,0
DA:210,0
DA:217,0
DA:220,0
DA:221,0
DA:223,0
DA:230,0
DA:231,0
DA:244,0
DA:245,0
DA:248,0
DA:251,0
DA:258,0
DA:259,0
DA:261,0
DA:262,0
DA:264,0
DA:265,0
DA:266,0
DA:267,0
DA:279,0
DA:283,0
DA:289,0
DA:290,0
DA:304,0
DA:305,0
DA:308,0
DA:309,0
DA:310,0
DA:317,0
DA:318,0
DA:326,0
DA:328,0
DA:336,0
DA:338,0
DA:340,0
DA:345,0
DA:346,0
DA:348,0
DA:353,0
DA:355,0
DA:362,0
DA:367,0
DA:368,0
DA:376,0
LF:87
LH:0
BRDA:70,0,0,0
BRDA:70,0,1,0
BRDA:95,1,0,0
BRDA:95,1,1,0
BRDA:114,2,0,0
BRDA:114,2,1,0
BRDA:123,3,0,0
BRDA:123,3,1,0
BRDA:130,4,0,0
BRDA:130,4,1,0
BRDA:139,5,0,0
BRDA:139,5,1,0
BRDA:140,6,0,0
BRDA:140,6,1,0
BRDA:141,7,0,0
BRDA:141,7,1,0
BRDA:150,8,0,0
BRDA:150,8,1,0
BRDA:209,9,0,0
BRDA:209,9,1,0
BRDA:209,10,0,0
BRDA:209,10,1,0
BRDA:262,11,0,0
BRDA:262,11,1,0
BRDA:266,12,0,0
BRDA:266,12,1,0
BRDA:309,13,0,0
BRDA:309,13,1,0
BRDA:317,14,0,0
BRDA:317,14,1,0
BRDA:317,15,0,0
BRDA:317,15,1,0
BRDA:326,16,0,0
BRDA:326,16,1,0
BRDA:326,17,0,0
BRDA:326,17,1,0
BRDA:338,18,0,0
BRDA:338,18,1,0
BRDA:351,19,0,0
BRDA:351,19,1,0
BRDA:353,20,0,0
BRDA:353,20,1,0
BRF:42
BRH:0
end_of_record
TN:
SF:controllers\payment-controller.js
FN:20,(anonymous_0)
FN:27,(anonymous_1)
FN:42,(anonymous_2)
FN:96,(anonymous_3)
FN:145,(anonymous_4)
FN:197,(anonymous_5)
FNF:6
FNH:0
FNDA:0,(anonymous_0)
FNDA:0,(anonymous_1)
FNDA:0,(anonymous_2)
FNDA:0,(anonymous_3)
FNDA:0,(anonymous_4)
FNDA:0,(anonymous_5)
DA:15,0
DA:16,0
DA:17,0
DA:21,0
DA:28,0
DA:29,0
DA:32,0
DA:33,0
DA:43,0
DA:45,0
DA:46,0
DA:47,0
DA:54,0
DA:55,0
DA:62,0
DA:68,0
DA:70,0
DA:82,0
DA:83,0
DA:97,0
DA:99,0
DA:100,0
DA:101,0
DA:107,0
DA:109,0
DA:110,0
DA:117,0
DA:119,0
DA:125,0
DA:130,0
DA:131,0
DA:146,0
DA:148,0
DA:149,0
DA:150,0
DA:156,0
DA:158,0
DA:159,0
DA:166,0
DA:167,0
DA:174,0
DA:179,0
DA:184,0
DA:185,0
DA:198,0
DA:200,0
DA:201,0
DA:202,0
DA:209,0
DA:212,0
DA:214,0
DA:222,0
DA:223,0
DA:231,0
LF:54
LH:0
BRDA:28,0,0,0
BRDA:28,0,1,0
BRDA:46,1,0,0
BRDA:46,1,1,0
BRDA:54,2,0,0
BRDA:54,2,1,0
BRDA:100,3,0,0
BRDA:100,3,1,0
BRDA:109,4,0,0
BRDA:109,4,1,0
BRDA:117,5,0,0
BRDA:117,5,1,0
BRDA:117,6,0,0
BRDA:117,6,1,0
BRDA:149,7,0,0
BRDA:149,7,1,0
BRDA:158,8,0,0
BRDA:158,8,1,0
BRDA:166,9,0,0
BRDA:166,9,1,0
BRDA:201,10,0,0
BRDA:201,10,1,0
BRF:22
BRH:0
end_of_record
TN:
SF:controllers\user-controller.js
FN:19,(anonymous_0)
FN:26,(anonymous_1)
FN:40,(anonymous_2)
FN:96,(anonymous_3)
FN:152,(anonymous_4)
FN:181,(anonymous_5)
FN:214,(anonymous_6)
FNF:7
FNH:0
FNDA:0,(anonymous_0)
FNDA:0,(anonymous_1)
FNDA:0,(anonymous_2)
FNDA:0,(anonymous_3)
FNDA:0,(anonymous_4)
FNDA:0,(anonymous_5)
FNDA:0,(anonymous_6)
DA:15,0
DA:16,0
DA:20,0
DA:27,0
DA:28,0
DA:31,0
DA:32,0
DA:41,0
DA:43,0
DA:44,0
DA:51,0
DA:54,0
DA:57,0
DA:58,0
DA:59,0
DA:60,0
DA:65,0
DA:67,0
DA:71,0
DA:83,0
DA:84,0
DA:97,0
DA:98,0
DA:100,0
DA:101,0
DA:110,0
DA:113,0
DA:114,0
DA:121,0
DA:124,0
DA:126,0
DA:138,0
DA:139,0
DA:153,0
DA:155,0
DA:156,0
DA:157,0
DA:165,0
DA:166,0
DA:173,0
DA:174,0
DA:181,0
DA:182,0
DA:185,0
DA:199,0
DA:200,0
DA:215,0
DA:217,0
DA:218,0
DA:219,0
DA:226,0
DA:227,0
DA:234,0
DA:235,0
DA:242,0
DA:248,0
DA:262,0
DA:263,0
DA:271,0
LF:59
LH:0
BRDA:27,0,0,0
BRDA:27,0,1,0
BRDA:43,1,0,0
BRDA:43,1,1,0
BRDA:58,2,0,0
BRDA:58,2,1,0
BRDA:63,3,0,0
BRDA:63,3,1,0
BRDA:100,4,0,0
BRDA:100,4,1,0
BRDA:100,5,0,0
BRDA:100,5,1,0
BRDA:113,6,0,0
BRDA:113,6,1,0
BRDA:156,7,0,0
BRDA:156,7,1,0
BRDA:165,8,0,0
BRDA:165,8,1,0
BRDA:218,9,0,0
BRDA:218,9,1,0
BRDA:226,10,0,0
BRDA:226,10,1,0
BRDA:234,11,0,0
BRDA:234,11,1,0
BRDA:234,12,0,0
BRDA:234,12,1,0
BRF:26
BRH:0
end_of_record
TN:
SF:models\content-model.js
FN:56,(anonymous_0)
FN:72,(anonymous_1)
FN:240,(anonymous_2)
FN:271,(anonymous_3)
FN:280,(anonymous_4)
FN:295,(anonymous_5)
FN:297,(anonymous_6)
FN:315,(anonymous_7)
FN:330,(anonymous_8)
FN:333,(anonymous_9)
FN:354,(anonymous_10)
FN:364,(anonymous_11)
FN:382,(anonymous_12)
FN:385,(anonymous_13)
FN:388,(anonymous_14)
FN:391,(anonymous_15)
FN:412,(anonymous_16)
FN:440,(anonymous_17)
FN:491,(anonymous_18)
FN:504,(anonymous_19)
FN:529,(anonymous_20)
FNF:21
FNH:0
FNDA:0,(anonymous_0)
FNDA:0,(anonymous_1)
FNDA:0,(anonymous_2)
FNDA:0,(anonymous_3)
FNDA:0,(anonymous_4)
FNDA:0,(anonymous_5)
FNDA:0,(anonymous_6)
FNDA:0,(anonymous_7)
FNDA:0,(anonymous_8)
FNDA:0,(anonymous_9)
FNDA:0,(anonymous_10)
FNDA:0,(anonymous_11)
FNDA:0,(anonymous_12)
FNDA:0,(anonymous_13)
FNDA:0,(anonymous_14)
FNDA:0,(anonymous_15)
FNDA:0,(anonymous_16)
FNDA:0,(anonymous_17)
FNDA:0,(anonymous_18)
FNDA:0,(anonymous_19)
FNDA:0,(anonymous_20)
DA:15,0
DA:16,0
DA:17,0
DA:18,0
DA:21,0
DA:30,0
DA:38,0
DA:47,0
DA:57,0
DA:58,0
DA:59,0
DA:60,0
DA:61,0
DA:62,0
DA:63,0
DA:73,0
DA:74,0
DA:78,0
DA:79,0
DA:83,0
DA:84,0
DA:88,0
DA:89,0
DA:93,0
DA:94,0
DA:97,0
DA:98,0
DA:99,0
DA:102,0
DA:105,0
DA:106,0
DA:108,0
DA:110,0
DA:127,0
DA:128,0
DA:134,0
DA:135,0
DA:142,0
DA:149,0
DA:151,0
DA:157,0
DA:159,0
DA:176,0
DA:185,0
DA:186,0
DA:190,0
DA:191,0
DA:192,0
DA:193,0
DA:194,0
DA:195,0
DA:196,0
DA:197,0
DA:198,0
DA:199,0
DA:200,0
DA:204,0
DA:205,0
DA:214,0
DA:221,0
DA:222,0
DA:226,0
DA:229,0
DA:231,0
DA:241,0
DA:243,0
DA:253,0
DA:256,0
DA:261,0
DA:262,0
DA:272,0
DA:281,0
DA:282,0
DA:283,0
DA:286,0
DA:296,0
DA:297,0
DA:298,0
DA:300,0
DA:301,0
DA:305,0
DA:306,0
DA:309,0
DA:314,0
DA:315,0
DA:316,0
DA:317,0
DA:318,0
DA:322,0
DA:331,0
DA:333,0
DA:334,0
DA:337,0
DA:338,0
DA:341,0
DA:342,0
DA:345,0
DA:346,0
DA:349,0
DA:350,0
DA:353,0
DA:354,0
DA:355,0
DA:356,0
DA:360,0
DA:361,0
DA:362,0
DA:363,0
DA:364,0
DA:366,0
DA:367,0
DA:371,0
DA:372,0
DA:377,0
DA:378,0
DA:380,0
DA:382,0
DA:383,0
DA:385,0
DA:386,0
DA:388,0
DA:389,0
DA:391,0
DA:392,0
DA:397,0
DA:398,0
DA:399,0
DA:400,0
DA:403,0
DA:413,0
DA:415,0
DA:416,0
DA:419,0
DA:420,0
DA:423,0
DA:429,0
DA:430,0
DA:441,0
DA:443,0
DA:444,0
DA:447,0
DA:449,0
DA:451,0
DA:452,0
DA:454,0
DA:455,0
DA:458,0
DA:460,0
DA:464,0
DA:471,0
DA:473,0
DA:494,0
DA:496,0
DA:504,0
DA:505,0
DA:513,0
DA:514,0
DA:515,0
DA:516,0
DA:517,0
DA:518,0
DA:530,0
DA:532,0
DA:533,0
DA:536,0
DA:537,0
DA:540,0
DA:541,0
DA:542,0
DA:544,0
DA:546,0
DA:548,0
DA:549,0
DA:555,0
DA:556,0
DA:557,0
DA:558,0
DA:559,0
LF:178
LH:0
BRDA:73,0,0,0
BRDA:73,0,1,0
BRDA:73,1,0,0
BRDA:73,1,1,0
BRDA:78,2,0,0
BRDA:78,2,1,0
BRDA:78,3,0,0
BRDA:78,3,1,0
BRDA:83,4,0,0
BRDA:83,4,1,0
BRDA:83,5,0,0
BRDA:83,5,1,0
BRDA:88,6,0,0
BRDA:88,6,1,0
BRDA:88,7,0,0
BRDA:88,7,1,0
BRDA:93,8,0,0
BRDA:93,8,1,0
BRDA:93,9,0,0
BRDA:93,9,1,0
BRDA:97,10,0,0
BRDA:97,10,1,0
BRDA:102,11,0,0
BRDA:102,11,1,0
BRDA:102,11,2,0
BRDA:105,12,0,0
BRDA:105,12,1,0
BRDA:105,13,0,0
BRDA:105,13,1,0
BRDA:112,14,0,0
BRDA:112,14,1,0
BRDA:113,15,0,0
BRDA:113,15,1,0
BRDA:113,15,2,0
BRDA:120,16,0,0
BRDA:120,16,1,0
BRDA:121,17,0,0
BRDA:121,17,1,0
BRDA:121,17,2,0
BRDA:127,18,0,0
BRDA:127,18,1,0
BRDA:130,19,0,0
BRDA:130,19,1,0
BRDA:134,20,0,0
BRDA:134,20,1,0
BRDA:137,21,0,0
BRDA:137,21,1,0
BRDA:144,22,0,0
BRDA:144,22,1,0
BRDA:145,23,0,0
BRDA:145,23,1,0
BRDA:149,24,0,0
BRDA:149,24,1,0
BRDA:161,25,0,0
BRDA:161,25,1,0
BRDA:162,26,0,0
BRDA:162,26,1,0
BRDA:168,27,0,0
BRDA:168,27,1,0
BRDA:169,28,0,0
BRDA:169,28,1,0
BRDA:185,29,0,0
BRDA:185,29,1,0
BRDA:190,30,0,0
BRDA:190,30,1,0
BRDA:192,31,0,0
BRDA:192,31,1,0
BRDA:193,32,0,0
BRDA:193,32,1,0
BRDA:194,33,0,0
BRDA:194,33,1,0
BRDA:199,34,0,0
BRDA:199,34,1,0
BRDA:200,35,0,0
BRDA:200,35,1,0
BRDA:204,36,0,0
BRDA:204,36,1,0
BRDA:208,37,0,0
BRDA:208,37,1,0
BRDA:209,38,0,0
BRDA:209,38,1,0
BRDA:214,39,0,0
BRDA:214,39,1,0
BRDA:214,39,2,0
BRDA:221,40,0,0
BRDA:221,40,1,0
BRDA:240,41,0,0
BRDA:243,42,0,0
BRDA:243,42,1,0
BRDA:272,43,0,0
BRDA:272,43,1,0
BRDA:282,44,0,0
BRDA:282,44,1,0
BRDA:282,45,0,0
BRDA:282,45,1,0
BRDA:295,46,0,0
BRDA:298,47,0,0
BRDA:298,47,1,0
BRDA:300,48,0,0
BRDA:300,48,1,0
BRDA:300,49,0,0
BRDA:300,49,1,0
BRDA:305,50,0,0
BRDA:305,50,1,0
BRDA:305,51,0,0
BRDA:305,51,1,0
BRDA:314,52,0,0
BRDA:314,52,1,0
BRDA:316,53,0,0
BRDA:316,53,1,0
BRDA:317,54,0,0
BRDA:317,54,1,0
BRDA:318,55,0,0
BRDA:318,55,1,0
BRDA:330,56,0,0
BRDA:337,57,0,0
BRDA:337,57,1,0
BRDA:337,58,0,0
BRDA:337,58,1,0
BRDA:341,59,0,0
BRDA:341,59,1,0
BRDA:341,60,0,0
BRDA:341,60,1,0
BRDA:345,61,0,0
BRDA:345,61,1,0
BRDA:345,62,0,0
BRDA:345,62,1,0
BRDA:349,63,0,0
BRDA:349,63,1,0
BRDA:349,64,0,0
BRDA:349,64,1,0
BRDA:353,65,0,0
BRDA:353,65,1,0
BRDA:353,66,0,0
BRDA:353,66,1,0
BRDA:354,67,0,0
BRDA:354,67,1,0
BRDA:355,68,0,0
BRDA:355,68,1,0
BRDA:360,69,0,0
BRDA:360,69,1,0
BRDA:362,70,0,0
BRDA:362,70,1,0
BRDA:363,71,0,0
BRDA:363,71,1,0
BRDA:364,72,0,0
BRDA:364,72,1,0
BRDA:366,73,0,0
BRDA:366,73,1,0
BRDA:366,74,0,0
BRDA:366,74,1,0
BRDA:366,74,2,0
BRDA:371,75,0,0
BRDA:371,75,1,0
BRDA:377,76,0,0
BRDA:377,76,1,0
BRDA:378,77,0,0
BRDA:378,77,1,0
BRDA:380,78,0,0
BRDA:380,78,1,0
BRDA:380,78,2,0
BRDA:380,78,3,0
BRDA:397,79,0,0
BRDA:397,79,1,0
BRDA:398,80,0,0
BRDA:398,80,1,0
BRDA:415,81,0,0
BRDA:415,81,1,0
BRDA:443,82,0,0
BRDA:443,82,1,0
BRDA:449,83,0,0
BRDA:449,83,1,0
BRDA:449,83,2,0
BRDA:449,83,3,0
BRDA:479,84,0,0
BRDA:479,84,1,0
BRDA:491,85,0,0
BRDA:513,86,0,0
BRDA:513,86,1,0
BRDA:513,87,0,0
BRDA:513,87,1,0
BRDA:515,88,0,0
BRDA:515,88,1,0
BRDA:515,89,0,0
BRDA:515,89,1,0
BRDA:532,90,0,0
BRDA:532,90,1,0
BRDA:532,91,0,0
BRDA:532,91,1,0
BRDA:532,91,2,0
BRF:190
BRH:0
end_of_record
TN:
SF:models\index.js
FNF:0
FNH:0
DA:16,0
DA:17,0
DA:18,0
DA:19,0
DA:20,0
DA:22,0
LF:6
LH:0
BRF:0
BRH:0
end_of_record
TN:
SF:models\insights-model.js
FN:19,(anonymous_0)
FN:34,(anonymous_1)
FN:37,(anonymous_2)
FN:61,(anonymous_3)
FN:70,(anonymous_4)
FN:104,(anonymous_5)
FN:139,(anonymous_6)
FN:151,(anonymous_7)
FN:186,(anonymous_8)
FNF:9
FNH:0
FNDA:0,(anonymous_0)
FNDA:0,(anonymous_1)
FNDA:0,(anonymous_2)
FNDA:0,(anonymous_3)
FNDA:0,(anonymous_4)
FNDA:0,(anonymous_5)
FNDA:0,(anonymous_6)
FNDA:0,(anonymous_7)
FNDA:0,(anonymous_8)
DA:15,0
DA:16,0
DA:20,0
DA:21,0
DA:22,0
DA:23,0
DA:26,0
DA:35,0
DA:37,0
DA:38,0
DA:40,0
DA:41,0
DA:44,0
DA:45,0
DA:48,0
DA:49,0
DA:53,0
DA:62,0
DA:74,0
DA:75,0
DA:79,0
DA:80,0
DA:82,0
DA:94,0
DA:95,0
DA:97,0
DA:105,0
DA:139,0
DA:140,0
DA:152,0
DA:175,0
DA:176,0
DA:187,0
DA:188,0
DA:190,0
DA:205,0
DA:210,0
LF:37
LH:0
BRDA:34,0,0,0
BRDA:40,1,0,0
BRDA:40,1,1,0
BRDA:40,2,0,0
BRDA:40,2,1,0
BRDA:44,3,0,0
BRDA:44,3,1,0
BRDA:44,4,0,0
BRDA:44,4,1,0
BRDA:48,5,0,0
BRDA:48,5,1,0
BRDA:62,6,0,0
BRDA:62,6,1,0
BRDA:75,7,0,0
BRDA:75,7,1,0
BRDA:154,8,0,0
BRDA:154,8,1,0
BRDA:175,9,0,0
BRDA:175,9,1,0
BRDA:187,10,0,0
BRDA:187,10,1,0
BRDA:188,11,0,0
BRDA:188,11,1,0
BRDA:205,12,0,0
BRDA:205,12,1,0
BRF:25
BRH:0
end_of_record
TN:
SF:models\payment-model.js
FN:19,(anonymous_0)
FN:30,(anonymous_1)
FN:61,(anonymous_2)
FN:71,(anonymous_3)
FN:125,(anonymous_4)
FN:128,(anonymous_5)
FNF:6
FNH:0
FNDA:0,(anonymous_0)
FNDA:0,(anonymous_1)
FNDA:0,(anonymous_2)
FNDA:0,(anonymous_3)
FNDA:0,(anonymous_4)
FNDA:0,(anonymous_5)
DA:15,0
DA:16,0
DA:20,0
DA:21,0
DA:22,0
DA:31,0
DA:32,0
DA:35,0
DA:37,0
DA:50,0
DA:51,0
DA:53,0
DA:62,0
DA:72,0
DA:74,0
DA:75,0
DA:78,0
DA:79,0
DA:82,0
DA:85,0
DA:98,0
DA:99,0
DA:100,0
DA:101,0
DA:102,0
DA:104,0
DA:107,0
DA:108,0
DA:110,0
DA:111,0
DA:113,0
DA:114,0
DA:116,0
DA:126,0
DA:128,0
DA:129,0
DA:130,0
DA:131,0
DA:132,0
DA:136,0
DA:140,0
LF:41
LH:0
BRDA:31,0,0,0
BRDA:31,0,1,0
BRDA:31,1,0,0
BRDA:31,1,1,0
BRDA:31,1,2,0
BRDA:42,2,0,0
BRDA:42,2,1,0
BRDA:43,3,0,0
BRDA:43,3,1,0
BRDA:47,4,0,0
BRDA:47,4,1,0
BRDA:62,5,0,0
BRDA:62,5,1,0
BRDA:74,6,0,0
BRDA:74,6,1,0
BRDA:78,7,0,0
BRDA:78,7,1,0
BRDA:82,8,0,0
BRDA:82,8,1,0
BRDA:90,9,0,0
BRDA:90,9,1,0
BRDA:92,10,0,0
BRDA:92,10,1,0
BRDA:93,11,0,0
BRDA:93,11,1,0
BRDA:94,12,0,0
BRDA:94,12,1,0
BRDA:98,13,0,0
BRDA:98,13,1,0
BRDA:98,14,0,0
BRDA:98,14,1,0
BRDA:101,15,0,0
BRDA:101,15,1,0
BRDA:125,16,0,0
BRDA:129,17,0,0
BRDA:129,17,1,0
BRDA:129,18,0,0
BRDA:129,18,1,0
BRDA:131,19,0,0
BRDA:131,19,1,0
BRDA:131,20,0,0
BRDA:131,20,1,0
BRF:42
BRH:0
end_of_record
TN:
SF:models\stream-model.js
FN:19,(anonymous_0)
FN:32,(anonymous_1)
FN:68,(anonymous_2)
FN:93,(anonymous_3)
FN:126,(anonymous_4)
FN:185,(anonymous_5)
FN:215,(anonymous_6)
FN:218,(anonymous_7)
FN:232,(anonymous_8)
FN:241,(anonymous_9)
FN:245,(anonymous_10)
FNF:11
FNH:0
FNDA:0,(anonymous_0)
FNDA:0,(anonymous_1)
FNDA:0,(anonymous_2)
FNDA:0,(anonymous_3)
FNDA:0,(anonymous_4)
FNDA:0,(anonymous_5)
FNDA:0,(anonymous_6)
FNDA:0,(anonymous_7)
FNDA:0,(anonymous_8)
FNDA:0,(anonymous_9)
FNDA:0,(anonymous_10)
DA:15,0
DA:16,0
DA:20,0
DA:21,0
DA:22,0
DA:23,0
DA:24,0
DA:33,0
DA:34,0
DA:37,0
DA:38,0
DA:40,0
DA:47,0
DA:48,0
DA:49,0
DA:50,0
DA:51,0
DA:52,0
DA:53,0
DA:54,0
DA:57,0
DA:58,0
DA:60,0
DA:69,0
DA:71,0
DA:72,0
DA:75,0
DA:76,0
DA:79,0
DA:80,0
DA:82,0
DA:83,0
DA:85,0
DA:94,0
DA:96,0
DA:97,0
DA:100,0
DA:101,0
DA:104,0
DA:105,0
DA:108,0
DA:109,0
DA:110,0
DA:114,0
DA:115,0
DA:117,0
DA:127,0
DA:129,0
DA:130,0
DA:133,0
DA:134,0
DA:137,0
DA:138,0
DA:141,0
DA:143,0
DA:152,0
DA:153,0
DA:155,0
DA:156,0
DA:159,0
DA:160,0
DA:162,0
DA:169,0
DA:186,0
DA:188,0
DA:189,0
DA:192,0
DA:194,0
DA:195,0
DA:196,0
DA:199,0
DA:201,0
DA:208,0
DA:216,0
DA:218,0
DA:219,0
DA:220,0
DA:224,0
DA:233,0
DA:242,0
DA:243,0
DA:245,0
DA:246,0
DA:247,0
DA:248,0
DA:249,0
DA:250,0
DA:255,0
DA:259,0
LF:89
LH:0
BRDA:33,0,0,0
BRDA:33,0,1,0
BRDA:33,1,0,0
BRDA:33,1,1,0
BRDA:37,2,0,0
BRDA:37,2,1,0
BRDA:47,3,0,0
BRDA:47,3,1,0
BRDA:71,4,0,0
BRDA:71,4,1,0
BRDA:75,5,0,0
BRDA:75,5,1,0
BRDA:96,6,0,0
BRDA:96,6,1,0
BRDA:100,7,0,0
BRDA:100,7,1,0
BRDA:109,8,0,0
BRDA:109,8,1,0
BRDA:129,9,0,0
BRDA:129,9,1,0
BRDA:133,10,0,0
BRDA:133,10,1,0
BRDA:137,11,0,0
BRDA:137,11,1,0
BRDA:155,12,0,0
BRDA:155,12,1,0
BRDA:188,13,0,0
BRDA:188,13,1,0
BRDA:194,14,0,0
BRDA:194,14,1,0
BRDA:194,15,0,0
BRDA:194,15,1,0
BRDA:205,16,0,0
BRDA:205,16,1,0
BRDA:219,17,0,0
BRDA:219,17,1,0
BRDA:233,18,0,0
BRDA:233,18,1,0
BRDA:246,19,0,0
BRDA:246,19,1,0
BRDA:247,20,0,0
BRDA:247,20,1,0
BRDA:249,21,0,0
BRDA:249,21,1,0
BRF:44
BRH:0
end_of_record
TN:
SF:models\user-model.js
FN:18,(anonymous_0)
FN:29,(anonymous_1)
FN:59,(anonymous_2)
FN:68,(anonymous_3)
FN:89,(anonymous_4)
FNF:5
FNH:0
FNDA:0,(anonymous_0)
FNDA:0,(anonymous_1)
FNDA:0,(anonymous_2)
FNDA:0,(anonymous_3)
FNDA:0,(anonymous_4)
DA:15,0
DA:19,0
DA:20,0
DA:21,0
DA:31,0
DA:32,0
DA:35,0
DA:36,0
DA:42,0
DA:43,0
DA:44,0
DA:45,0
DA:48,0
DA:49,0
DA:51,0
DA:60,0
DA:69,0
DA:70,0
DA:71,0
DA:74,0
DA:75,0
DA:81,0
DA:90,0
DA:91,0
DA:92,0
DA:95,0
DA:96,0
DA:97,0
DA:100,0
DA:104,0
LF:30
LH:0
BRDA:31,0,0,0
BRDA:31,0,1,0
BRDA:42,1,0,0
BRDA:42,1,1,0
BRDA:44,2,0,0
BRDA:44,2,1,0
BRDA:60,3,0,0
BRDA:60,3,1,0
BRDA:70,4,0,0
BRDA:70,4,1,0
BRDA:91,5,0,0
BRDA:91,5,1,0
BRDA:95,6,0,0
BRDA:95,6,1,0
BRF:14
BRH:0
end_of_record
